# JRE version: Java(TM) SE Runtime Environment (17.0.2+8) (build 17.0.2+8-LTS-86)
# Java VM: Java HotSpot(TM) 64-Bit Server VM (17.0.2+8-LTS-86, mixed mode, sharing, tiered, compressed oops, compressed class ptrs, g1 gc, windows-amd64)
GC Precious Log:
 CPUs: 8 total, 8 available
 Memory: 7969M
 Large Page Support: Disabled
 NUMA Support: Disabled
 Compressed Oops: Enabled (32-bit)
 Heap Region Size: 1M
 Heap Min Capacity: 8M
 Heap Initial Capacity: 126M
 Heap Max Capacity: 1994M
 Pre-touch: Disabled
 Parallel Workers: 8
 Concurrent Workers: 2
 Concurrent Refinement Workers: 8
 Periodic GC: Disabled
Heap:
 garbage-first heap   total 120832K, used 55493K [0x0000000083600000, 0x0000000100000000)
  region size 1024K, 22 young (22528K), 3 survivors (3072K)
 Metaspace       used 31217K, committed 31552K, reserved 1081344K
  class space    used 3463K, committed 3648K, reserved 1048576K
GC Heap History (20 events):
Event: 6.789 GC heap before
{Heap before GC invocations=7 (full 0):
 garbage-first heap   total 55296K, used 40960K [0x0000000083600000, 0x0000000100000000)
  region size 1024K, 16 young (16384K), 1 survivors (1024K)
 Metaspace       used 22938K, committed 23232K, reserved 1073152K
  class space    used 2609K, committed 2752K, reserved 1048576K
}
Event: 6.802 GC heap after
{Heap after GC invocations=8 (full 0):
 garbage-first heap   total 55296K, used 28637K [0x0000000083600000, 0x0000000100000000)
  region size 1024K, 2 young (2048K), 2 survivors (2048K)
 Metaspace       used 22938K, committed 23232K, reserved 1073152K
  class space    used 2609K, committed 2752K, reserved 1048576K
}
Event: 7.646 GC heap before
{Heap before GC invocations=8 (full 0):
 garbage-first heap   total 55296K, used 41949K [0x0000000083600000, 0x0000000100000000)
  region size 1024K, 15 young (15360K), 2 survivors (2048K)
 Metaspace       used 23694K, committed 23936K, reserved 1073152K
  class space    used 2675K, committed 2752K, reserved 1048576K
}
Event: 7.661 GC heap after
{Heap after GC invocations=9 (full 0):
 garbage-first heap   total 55296K, used 30720K [0x0000000083600000, 0x0000000100000000)
  region size 1024K, 2 young (2048K), 2 survivors (2048K)
 Metaspace       used 23694K, committed 23936K, reserved 1073152K
  class space    used 2675K, committed 2752K, reserved 1048576K
}
Event: 8.368 GC heap before
{Heap before GC invocations=10 (full 0):
 garbage-first heap   total 55296K, used 41984K [0x0000000083600000, 0x0000000100000000)
  region size 1024K, 14 young (14336K), 2 survivors (2048K)
 Metaspace       used 24400K, committed 24704K, reserved 1073152K
  class space    used 2759K, committed 2880K, reserved 1048576K
}
Event: 8.373 GC heap after
{Heap after GC invocations=11 (full 0):
 garbage-first heap   total 100352K, used 31332K [0x0000000083600000, 0x0000000100000000)
  region size 1024K, 1 young (1024K), 1 survivors (1024K)
 Metaspace       used 24400K, committed 24704K, reserved 1073152K
  class space    used 2759K, committed 2880K, reserved 1048576K
}
Event: 9.318 GC heap before
{Heap before GC invocations=11 (full 0):
 garbage-first heap   total 100352K, used 69220K [0x0000000083600000, 0x0000000100000000)
  region size 1024K, 38 young (38912K), 1 survivors (1024K)
 Metaspace       used 25516K, committed 25856K, reserved 1073152K
  class space    used 2866K, committed 3008K, reserved 1048576K
}
Event: 9.322 GC heap after
{Heap after GC invocations=12 (full 0):
 garbage-first heap   total 100352K, used 31638K [0x0000000083600000, 0x0000000100000000)
  region size 1024K, 1 young (1024K), 1 survivors (1024K)
 Metaspace       used 25516K, committed 25856K, reserved 1073152K
  class space    used 2866K, committed 3008K, reserved 1048576K
}
Event: 11.167 GC heap before
{Heap before GC invocations=12 (full 0):
 garbage-first heap   total 100352K, used 74646K [0x0000000083600000, 0x0000000100000000)
  region size 1024K, 41 young (41984K), 1 survivors (1024K)
 Metaspace       used 28351K, committed 28672K, reserved 1081344K
  class space    used 3176K, committed 3328K, reserved 1048576K
}
Event: 11.195 GC heap after
{Heap after GC invocations=13 (full 0):
 garbage-first heap   total 100352K, used 34379K [0x0000000083600000, 0x0000000100000000)
  region size 1024K, 5 young (5120K), 5 survivors (5120K)
 Metaspace       used 28351K, committed 28672K, reserved 1081344K
  class space    used 3176K, committed 3328K, reserved 1048576K
}
Event: 12.681 GC heap before
{Heap before GC invocations=13 (full 0):
 garbage-first heap   total 100352K, used 74315K [0x0000000083600000, 0x0000000100000000)
  region size 1024K, 44 young (45056K), 5 survivors (5120K)
 Metaspace       used 30813K, committed 31104K, reserved 1081344K
  class space    used 3448K, committed 3584K, reserved 1048576K
}
Event: 12.697 GC heap after
{Heap after GC invocations=14 (full 0):
 garbage-first heap   total 100352K, used 36692K [0x0000000083600000, 0x0000000100000000)
  region size 1024K, 3 young (3072K), 3 survivors (3072K)
 Metaspace       used 30813K, committed 31104K, reserved 1081344K
  class space    used 3448K, committed 3584K, reserved 1048576K
}
Event: 12.989 GC heap before
{Heap before GC invocations=14 (full 0):
 garbage-first heap   total 100352K, used 75604K [0x0000000083600000, 0x0000000100000000)
  region size 1024K, 41 young (41984K), 3 survivors (3072K)
 Metaspace       used 30954K, committed 31296K, reserved 1081344K
  class space    used 3448K, committed 3584K, reserved 1048576K
}
Event: 12.992 GC heap after
{Heap after GC invocations=15 (full 0):
 garbage-first heap   total 100352K, used 36828K [0x0000000083600000, 0x0000000100000000)
  region size 1024K, 3 young (3072K), 3 survivors (3072K)
 Metaspace       used 30954K, committed 31296K, reserved 1081344K
  class space    used 3448K, committed 3584K, reserved 1048576K
}
Event: 13.218 GC heap before
{Heap before GC invocations=15 (full 0):
 garbage-first heap   total 100352K, used 78812K [0x0000000083600000, 0x0000000100000000)
  region size 1024K, 44 young (45056K), 3 survivors (3072K)
 Metaspace       used 31032K, committed 31360K, reserved 1081344K
  class space    used 3448K, committed 3584K, reserved 1048576K
}
Event: 13.224 GC heap after
{Heap after GC invocations=16 (full 0):
 garbage-first heap   total 100352K, used 36782K [0x0000000083600000, 0x0000000100000000)
  region size 1024K, 3 young (3072K), 3 survivors (3072K)
 Metaspace       used 31032K, committed 31360K, reserved 1081344K
  class space    used 3448K, committed 3584K, reserved 1048576K
}
Event: 13.603 GC heap before
{Heap before GC invocations=16 (full 0):
 garbage-first heap   total 100352K, used 79790K [0x0000000083600000, 0x0000000100000000)
  region size 1024K, 45 young (46080K), 3 survivors (3072K)
 Metaspace       used 31051K, committed 31360K, reserved 1081344K
  class space    used 3448K, committed 3584K, reserved 1048576K
}
Event: 13.610 GC heap after
{Heap after GC invocations=17 (full 0):
 garbage-first heap   total 100352K, used 37027K [0x0000000083600000, 0x0000000100000000)
  region size 1024K, 3 young (3072K), 3 survivors (3072K)
 Metaspace       used 31051K, committed 31360K, reserved 1081344K
  class space    used 3448K, committed 3584K, reserved 1048576K
}
Event: 13.909 GC heap before
{Heap before GC invocations=17 (full 0):
 garbage-first heap   total 100352K, used 82083K [0x0000000083600000, 0x0000000100000000)
  region size 1024K, 47 young (48128K), 3 survivors (3072K)
 Metaspace       used 31061K, committed 31360K, reserved 1081344K
  class space    used 3448K, committed 3584K, reserved 1048576K
}
Event: 13.919 GC heap after
{Heap after GC invocations=18 (full 0):
 garbage-first heap   total 120832K, used 37061K [0x0000000083600000, 0x0000000100000000)
  region size 1024K, 3 young (3072K), 3 survivors (3072K)
 Metaspace       used 31061K, committed 31360K, reserved 1081344K
  class space    used 3448K, committed 3584K, reserved 1048576K
}

