# JRE version: Java(TM) SE Runtime Environment (17.0.2+8) (build 17.0.2+8-LTS-86)
# Java VM: Java HotSpot(TM) 64-Bit Server VM (17.0.2+8-LTS-86, mixed mode, sharing, tiered, compressed oops, compressed class ptrs, g1 gc, windows-amd64)
GC Precious Log:
 CPUs: 8 total, 8 available
 Memory: 7969M
 Large Page Support: Disabled
 NUMA Support: Disabled
 Compressed Oops: Enabled (32-bit)
 Heap Region Size: 1M
 Heap Min Capacity: 8M
 Heap Initial Capacity: 126M
 Heap Max Capacity: 1994M
 Pre-touch: Disabled
 Parallel Workers: 8
 Concurrent Workers: 2
 Concurrent Refinement Workers: 8
 Periodic GC: Disabled
Heap:
 garbage-first heap   total 130048K, used 36173K [0x0000000083600000, 0x0000000100000000)
  region size 1024K, 3 young (3072K), 3 survivors (3072K)
 Metaspace       used 31042K, committed 31360K, reserved 1081344K
  class space    used 3447K, committed 3584K, reserved 1048576K
GC Heap History (20 events):
Event: 6.954 GC heap after
{Heap after GC invocations=4 (full 0):
 garbage-first heap   total 129024K, used 15076K [0x0000000083600000, 0x0000000100000000)
  region size 1024K, 7 young (7168K), 7 survivors (7168K)
 Metaspace       used 21262K, committed 21504K, reserved 1073152K
  class space    used 2425K, committed 2560K, reserved 1048576K
}
Event: 7.838 GC heap before
{Heap before GC invocations=5 (full 0):
 garbage-first heap   total 55296K, used 40676K [0x0000000083600000, 0x0000000100000000)
  region size 1024K, 31 young (31744K), 7 survivors (7168K)
 Metaspace       used 22666K, committed 22912K, reserved 1073152K
  class space    used 2591K, committed 2688K, reserved 1048576K
}
Event: 7.869 GC heap after
{Heap after GC invocations=6 (full 0):
 garbage-first heap   total 56320K, used 23450K [0x0000000083600000, 0x0000000100000000)
  region size 1024K, 4 young (4096K), 4 survivors (4096K)
 Metaspace       used 22666K, committed 22912K, reserved 1073152K
  class space    used 2591K, committed 2688K, reserved 1048576K
}
Event: 7.906 GC heap before
{Heap before GC invocations=6 (full 0):
 garbage-first heap   total 56320K, used 24474K [0x0000000083600000, 0x0000000100000000)
  region size 1024K, 5 young (5120K), 4 survivors (4096K)
 Metaspace       used 22722K, committed 22976K, reserved 1073152K
  class space    used 2594K, committed 2688K, reserved 1048576K
}
Event: 7.915 GC heap after
{Heap after GC invocations=7 (full 0):
 garbage-first heap   total 56320K, used 24459K [0x0000000083600000, 0x0000000100000000)
  region size 1024K, 1 young (1024K), 1 survivors (1024K)
 Metaspace       used 22722K, committed 22976K, reserved 1073152K
  class space    used 2594K, committed 2688K, reserved 1048576K
}
Event: 8.238 GC heap before
{Heap before GC invocations=7 (full 0):
 garbage-first heap   total 56320K, used 41867K [0x0000000083600000, 0x0000000100000000)
  region size 1024K, 17 young (17408K), 1 survivors (1024K)
 Metaspace       used 23020K, committed 23296K, reserved 1073152K
  class space    used 2606K, committed 2688K, reserved 1048576K
}
Event: 8.252 GC heap after
{Heap after GC invocations=8 (full 0):
 garbage-first heap   total 56320K, used 28145K [0x0000000083600000, 0x0000000100000000)
  region size 1024K, 3 young (3072K), 3 survivors (3072K)
 Metaspace       used 23020K, committed 23296K, reserved 1073152K
  class space    used 2606K, committed 2688K, reserved 1048576K
}
Event: 9.300 GC heap before
{Heap before GC invocations=8 (full 0):
 garbage-first heap   total 56320K, used 41457K [0x0000000083600000, 0x0000000100000000)
  region size 1024K, 17 young (17408K), 3 survivors (3072K)
 Metaspace       used 23955K, committed 24192K, reserved 1073152K
  class space    used 2694K, committed 2816K, reserved 1048576K
}
Event: 9.314 GC heap after
{Heap after GC invocations=9 (full 0):
 garbage-first heap   total 101376K, used 30859K [0x0000000083600000, 0x0000000100000000)
  region size 1024K, 3 young (3072K), 3 survivors (3072K)
 Metaspace       used 23955K, committed 24192K, reserved 1073152K
  class space    used 2694K, committed 2816K, reserved 1048576K
}
Event: 10.650 GC heap before
{Heap before GC invocations=10 (full 0):
 garbage-first heap   total 101376K, used 69771K [0x0000000083600000, 0x0000000100000000)
  region size 1024K, 41 young (41984K), 3 survivors (3072K)
 Metaspace       used 25422K, committed 25728K, reserved 1073152K
  class space    used 2863K, committed 3008K, reserved 1048576K
}
Event: 10.662 GC heap after
{Heap after GC invocations=11 (full 0):
 garbage-first heap   total 101376K, used 30992K [0x0000000083600000, 0x0000000100000000)
  region size 1024K, 3 young (3072K), 3 survivors (3072K)
 Metaspace       used 25422K, committed 25728K, reserved 1073152K
  class space    used 2863K, committed 3008K, reserved 1048576K
}
Event: 10.686 GC heap before
{Heap before GC invocations=11 (full 0):
 garbage-first heap   total 101376K, used 32016K [0x0000000083600000, 0x0000000100000000)
  region size 1024K, 4 young (4096K), 3 survivors (3072K)
 Metaspace       used 25460K, committed 25792K, reserved 1073152K
  class space    used 2863K, committed 3008K, reserved 1048576K
}
Event: 10.700 GC heap after
{Heap after GC invocations=12 (full 0):
 garbage-first heap   total 101376K, used 31191K [0x0000000083600000, 0x0000000100000000)
  region size 1024K, 1 young (1024K), 1 survivors (1024K)
 Metaspace       used 25460K, committed 25792K, reserved 1073152K
  class space    used 2863K, committed 3008K, reserved 1048576K
}
Event: 12.680 GC heap before
{Heap before GC invocations=12 (full 0):
 garbage-first heap   total 101376K, used 74199K [0x0000000083600000, 0x0000000100000000)
  region size 1024K, 41 young (41984K), 1 survivors (1024K)
 Metaspace       used 27849K, committed 28096K, reserved 1081344K
  class space    used 3124K, committed 3264K, reserved 1048576K
}
Event: 12.694 GC heap after
{Heap after GC invocations=13 (full 0):
 garbage-first heap   total 101376K, used 33215K [0x0000000083600000, 0x0000000100000000)
  region size 1024K, 4 young (4096K), 4 survivors (4096K)
 Metaspace       used 27849K, committed 28096K, reserved 1081344K
  class space    used 3124K, committed 3264K, reserved 1048576K
}
Event: 13.995 GC heap before
{Heap before GC invocations=13 (full 0):
 garbage-first heap   total 101376K, used 74175K [0x0000000083600000, 0x0000000100000000)
  region size 1024K, 44 young (45056K), 4 survivors (4096K)
 Metaspace       used 30395K, committed 30720K, reserved 1081344K
  class space    used 3423K, committed 3584K, reserved 1048576K
}
Event: 14.014 GC heap after
{Heap after GC invocations=14 (full 0):
 garbage-first heap   total 101376K, used 35991K [0x0000000083600000, 0x0000000100000000)
  region size 1024K, 3 young (3072K), 3 survivors (3072K)
 Metaspace       used 30395K, committed 30720K, reserved 1081344K
  class space    used 3423K, committed 3584K, reserved 1048576K
}
Event: 14.355 GC heap before
{Heap before GC invocations=14 (full 0):
 garbage-first heap   total 101376K, used 75927K [0x0000000083600000, 0x0000000100000000)
  region size 1024K, 42 young (43008K), 3 survivors (3072K)
 Metaspace       used 30955K, committed 31296K, reserved 1081344K
  class space    used 3447K, committed 3584K, reserved 1048576K
}
Event: 14.360 GC heap after
{Heap after GC invocations=15 (full 0):
 garbage-first heap   total 101376K, used 35934K [0x0000000083600000, 0x0000000100000000)
  region size 1024K, 3 young (3072K), 3 survivors (3072K)
 Metaspace       used 30955K, committed 31296K, reserved 1081344K
  class space    used 3447K, committed 3584K, reserved 1048576K
}
Event: 14.786 GC heap before
{Heap before GC invocations=15 (full 0):
 garbage-first heap   total 101376K, used 78942K [0x0000000083600000, 0x0000000100000000)
  region size 1024K, 45 young (46080K), 3 survivors (3072K)
 Metaspace       used 31042K, committed 31360K, reserved 1081344K
  class space    used 3447K, committed 3584K, reserved 1048576K
}

