# JRE version: Java(TM) SE Runtime Environment (17.0.2+8) (build 17.0.2+8-LTS-86)
# Java VM: Java HotSpot(TM) 64-Bit Server VM (17.0.2+8-LTS-86, mixed mode, sharing, tiered, compressed oops, compressed class ptrs, g1 gc, windows-amd64)
GC Precious Log:
 CPUs: 8 total, 8 available
 Memory: 7969M
 Large Page Support: Disabled
 NUMA Support: Disabled
 Compressed Oops: Enabled (32-bit)
 Heap Region Size: 1M
 Heap Min Capacity: 8M
 Heap Initial Capacity: 126M
 Heap Max Capacity: 1994M
 Pre-touch: Disabled
 Parallel Workers: 8
 Concurrent Workers: 2
 Concurrent Refinement Workers: 8
 Periodic GC: Disabled
Heap:
 garbage-first heap   total 118784K, used 73676K [0x0000000083600000, 0x0000000100000000)
  region size 1024K, 44 young (45056K), 2 survivors (2048K)
 Metaspace       used 25542K, committed 25856K, reserved 1073152K
  class space    used 2863K, committed 3008K, reserved 1048576K
GC Heap History (16 events):
Event: 0.857 GC heap before
{Heap before GC invocations=0 (full 0):
 garbage-first heap   total 129024K, used 23552K [0x0000000083600000, 0x0000000100000000)
  region size 1024K, 23 young (23552K), 0 survivors (0K)
 Metaspace       used 4918K, committed 5056K, reserved 1056768K
  class space    used 582K, committed 640K, reserved 1048576K
}
Event: 0.862 GC heap after
{Heap after GC invocations=1 (full 0):
 garbage-first heap   total 129024K, used 3877K [0x0000000083600000, 0x0000000100000000)
  region size 1024K, 3 young (3072K), 3 survivors (3072K)
 Metaspace       used 4918K, committed 5056K, reserved 1056768K
  class space    used 582K, committed 640K, reserved 1048576K
}
Event: 2.092 GC heap before
{Heap before GC invocations=1 (full 0):
 garbage-first heap   total 129024K, used 35621K [0x0000000083600000, 0x0000000100000000)
  region size 1024K, 34 young (34816K), 3 survivors (3072K)
 Metaspace       used 11119K, committed 11264K, reserved 1064960K
  class space    used 1347K, committed 1408K, reserved 1048576K
}
Event: 2.106 GC heap after
{Heap after GC invocations=2 (full 0):
 garbage-first heap   total 129024K, used 6030K [0x0000000083600000, 0x0000000100000000)
  region size 1024K, 3 young (3072K), 3 survivors (3072K)
 Metaspace       used 11119K, committed 11264K, reserved 1064960K
  class space    used 1347K, committed 1408K, reserved 1048576K
}
Event: 4.037 GC heap before
{Heap before GC invocations=2 (full 0):
 garbage-first heap   total 129024K, used 79758K [0x0000000083600000, 0x0000000100000000)
  region size 1024K, 75 young (76800K), 3 survivors (3072K)
 Metaspace       used 13692K, committed 13888K, reserved 1064960K
  class space    used 1545K, committed 1664K, reserved 1048576K
}
Event: 4.050 GC heap after
{Heap after GC invocations=3 (full 0):
 garbage-first heap   total 129024K, used 9774K [0x0000000083600000, 0x0000000100000000)
  region size 1024K, 7 young (7168K), 7 survivors (7168K)
 Metaspace       used 13692K, committed 13888K, reserved 1064960K
  class space    used 1545K, committed 1664K, reserved 1048576K
}
Event: 4.895 GC heap before
{Heap before GC invocations=3 (full 0):
 garbage-first heap   total 129024K, used 28206K [0x0000000083600000, 0x0000000100000000)
  region size 1024K, 22 young (22528K), 7 survivors (7168K)
 Metaspace       used 21281K, committed 21504K, reserved 1073152K
  class space    used 2429K, committed 2560K, reserved 1048576K
}
Event: 4.907 GC heap after
{Heap after GC invocations=4 (full 0):
 garbage-first heap   total 129024K, used 15424K [0x0000000083600000, 0x0000000100000000)
  region size 1024K, 8 young (8192K), 8 survivors (8192K)
 Metaspace       used 21281K, committed 21504K, reserved 1073152K
  class space    used 2429K, committed 2560K, reserved 1048576K
}
Event: 5.753 GC heap before
{Heap before GC invocations=5 (full 0):
 garbage-first heap   total 58368K, used 44096K [0x0000000083600000, 0x0000000100000000)
  region size 1024K, 34 young (34816K), 8 survivors (8192K)
 Metaspace       used 22746K, committed 23040K, reserved 1073152K
  class space    used 2597K, committed 2688K, reserved 1048576K
}
Event: 5.773 GC heap after
{Heap after GC invocations=6 (full 0):
 garbage-first heap   total 59392K, used 24205K [0x0000000083600000, 0x0000000100000000)
  region size 1024K, 5 young (5120K), 5 survivors (5120K)
 Metaspace       used 22746K, committed 23040K, reserved 1073152K
  class space    used 2597K, committed 2688K, reserved 1048576K
}
Event: 5.796 GC heap before
{Heap before GC invocations=6 (full 0):
 garbage-first heap   total 59392K, used 25229K [0x0000000083600000, 0x0000000100000000)
  region size 1024K, 6 young (6144K), 5 survivors (5120K)
 Metaspace       used 22765K, committed 23040K, reserved 1073152K
  class space    used 2598K, committed 2688K, reserved 1048576K
}
Event: 5.810 GC heap after
{Heap after GC invocations=7 (full 0):
 garbage-first heap   total 59392K, used 25578K [0x0000000083600000, 0x0000000100000000)
  region size 1024K, 1 young (1024K), 1 survivors (1024K)
 Metaspace       used 22765K, committed 23040K, reserved 1073152K
  class space    used 2598K, committed 2688K, reserved 1048576K
}
Event: 6.104 GC heap before
{Heap before GC invocations=7 (full 0):
 garbage-first heap   total 59392K, used 45034K [0x0000000083600000, 0x0000000100000000)
  region size 1024K, 19 young (19456K), 1 survivors (1024K)
 Metaspace       used 23060K, committed 23360K, reserved 1073152K
  class space    used 2613K, committed 2752K, reserved 1048576K
}
Event: 6.122 GC heap after
{Heap after GC invocations=8 (full 0):
 garbage-first heap   total 59392K, used 29696K [0x0000000083600000, 0x0000000100000000)
  region size 1024K, 3 young (3072K), 3 survivors (3072K)
 Metaspace       used 23060K, committed 23360K, reserved 1073152K
  class space    used 2613K, committed 2752K, reserved 1048576K
}
Event: 6.880 GC heap before
{Heap before GC invocations=8 (full 0):
 garbage-first heap   total 59392K, used 44032K [0x0000000083600000, 0x0000000100000000)
  region size 1024K, 18 young (18432K), 3 survivors (3072K)
 Metaspace       used 24049K, committed 24256K, reserved 1073152K
  class space    used 2728K, committed 2816K, reserved 1048576K
}
Event: 6.894 GC heap after
{Heap after GC invocations=9 (full 0):
 garbage-first heap   total 118784K, used 31692K [0x0000000083600000, 0x0000000100000000)
  region size 1024K, 2 young (2048K), 2 survivors (2048K)
 Metaspace       used 24049K, committed 24256K, reserved 1073152K
  class space    used 2728K, committed 2816K, reserved 1048576K
}

