# JRE version: Java(TM) SE Runtime Environment (17.0.2+8) (build 17.0.2+8-LTS-86)
# Java VM: Java HotSpot(TM) 64-Bit Server VM (17.0.2+8-LTS-86, mixed mode, sharing, tiered, compressed oops, compressed class ptrs, g1 gc, windows-amd64)
GC Precious Log:
 CPUs: 8 total, 8 available
 Memory: 7969M
 Large Page Support: Disabled
 NUMA Support: Disabled
 Compressed Oops: Enabled (32-bit)
 Heap Region Size: 1M
 Heap Min Capacity: 8M
 Heap Initial Capacity: 126M
 Heap Max Capacity: 1994M
 Pre-touch: Disabled
 Parallel Workers: 8
 Concurrent Workers: 2
 Concurrent Refinement Workers: 8
 Periodic GC: Disabled
Heap:
 garbage-first heap   total 121856K, used 37431K [0x0000000083600000, 0x0000000100000000)
  region size 1024K, 4 young (4096K), 4 survivors (4096K)
 Metaspace       used 31096K, committed 31424K, reserved 1081344K
  class space    used 3451K, committed 3584K, reserved 1048576K
GC Heap History (20 events):
Event: 6.072 GC heap after
{Heap after GC invocations=4 (full 0):
 garbage-first heap   total 129024K, used 15729K [0x0000000083600000, 0x0000000100000000)
  region size 1024K, 8 young (8192K), 8 survivors (8192K)
 Metaspace       used 21281K, committed 21504K, reserved 1073152K
  class space    used 2430K, committed 2560K, reserved 1048576K
}
Event: 6.987 GC heap before
{Heap before GC invocations=5 (full 0):
 garbage-first heap   total 58368K, used 43377K [0x0000000083600000, 0x0000000100000000)
  region size 1024K, 34 young (34816K), 8 survivors (8192K)
 Metaspace       used 22786K, committed 23040K, reserved 1073152K
  class space    used 2601K, committed 2688K, reserved 1048576K
}
Event: 7.011 GC heap after
{Heap after GC invocations=6 (full 0):
 garbage-first heap   total 59392K, used 24144K [0x0000000083600000, 0x0000000100000000)
  region size 1024K, 5 young (5120K), 5 survivors (5120K)
 Metaspace       used 22786K, committed 23040K, reserved 1073152K
  class space    used 2601K, committed 2688K, reserved 1048576K
}
Event: 7.025 GC heap before
{Heap before GC invocations=6 (full 0):
 garbage-first heap   total 59392K, used 25168K [0x0000000083600000, 0x0000000100000000)
  region size 1024K, 6 young (6144K), 5 survivors (5120K)
 Metaspace       used 22794K, committed 23040K, reserved 1073152K
  class space    used 2601K, committed 2688K, reserved 1048576K
}
Event: 7.037 GC heap after
{Heap after GC invocations=7 (full 0):
 garbage-first heap   total 59392K, used 25600K [0x0000000083600000, 0x0000000100000000)
  region size 1024K, 1 young (1024K), 1 survivors (1024K)
 Metaspace       used 22794K, committed 23040K, reserved 1073152K
  class space    used 2601K, committed 2688K, reserved 1048576K
}
Event: 7.272 GC heap before
{Heap before GC invocations=7 (full 0):
 garbage-first heap   total 59392K, used 44032K [0x0000000083600000, 0x0000000100000000)
  region size 1024K, 18 young (18432K), 1 survivors (1024K)
 Metaspace       used 23088K, committed 23424K, reserved 1073152K
  class space    used 2616K, committed 2752K, reserved 1048576K
}
Event: 7.287 GC heap after
{Heap after GC invocations=8 (full 0):
 garbage-first heap   total 59392K, used 29696K [0x0000000083600000, 0x0000000100000000)
  region size 1024K, 3 young (3072K), 3 survivors (3072K)
 Metaspace       used 23088K, committed 23424K, reserved 1073152K
  class space    used 2616K, committed 2752K, reserved 1048576K
}
Event: 8.060 GC heap before
{Heap before GC invocations=8 (full 0):
 garbage-first heap   total 59392K, used 44032K [0x0000000083600000, 0x0000000100000000)
  region size 1024K, 18 young (18432K), 3 survivors (3072K)
 Metaspace       used 24055K, committed 24384K, reserved 1073152K
  class space    used 2731K, committed 2880K, reserved 1048576K
}
Event: 8.073 GC heap after
{Heap after GC invocations=9 (full 0):
 garbage-first heap   total 59392K, used 31693K [0x0000000083600000, 0x0000000100000000)
  region size 1024K, 2 young (2048K), 2 survivors (2048K)
 Metaspace       used 24055K, committed 24384K, reserved 1073152K
  class space    used 2731K, committed 2880K, reserved 1048576K
}
Event: 8.788 GC heap before
{Heap before GC invocations=9 (full 0):
 garbage-first heap   total 59392K, used 43981K [0x0000000083600000, 0x0000000100000000)
  region size 1024K, 15 young (15360K), 2 survivors (2048K)
 Metaspace       used 24983K, committed 25344K, reserved 1073152K
  class space    used 2824K, committed 3008K, reserved 1048576K
}
Event: 8.797 GC heap after
{Heap after GC invocations=10 (full 0):
 garbage-first heap   total 121856K, used 32058K [0x0000000083600000, 0x0000000100000000)
  region size 1024K, 1 young (1024K), 1 survivors (1024K)
 Metaspace       used 24983K, committed 25344K, reserved 1073152K
  class space    used 2824K, committed 3008K, reserved 1048576K
}
Event: 10.576 GC heap before
{Heap before GC invocations=11 (full 0):
 garbage-first heap   total 116736K, used 87354K [0x0000000083600000, 0x0000000100000000)
  region size 1024K, 53 young (54272K), 1 survivors (1024K)
 Metaspace       used 27600K, committed 27904K, reserved 1081344K
  class space    used 3114K, committed 3264K, reserved 1048576K
}
Event: 10.596 GC heap after
{Heap after GC invocations=12 (full 0):
 garbage-first heap   total 116736K, used 35825K [0x0000000083600000, 0x0000000100000000)
  region size 1024K, 4 young (4096K), 4 survivors (4096K)
 Metaspace       used 27600K, committed 27904K, reserved 1081344K
  class space    used 3114K, committed 3264K, reserved 1048576K
}
Event: 12.303 GC heap before
{Heap before GC invocations=12 (full 0):
 garbage-first heap   total 116736K, used 84977K [0x0000000083600000, 0x0000000100000000)
  region size 1024K, 52 young (53248K), 4 survivors (4096K)
 Metaspace       used 30214K, committed 30592K, reserved 1081344K
  class space    used 3403K, committed 3584K, reserved 1048576K
}
Event: 12.321 GC heap after
{Heap after GC invocations=13 (full 0):
 garbage-first heap   total 116736K, used 36911K [0x0000000083600000, 0x0000000100000000)
  region size 1024K, 7 young (7168K), 7 survivors (7168K)
 Metaspace       used 30214K, committed 30592K, reserved 1081344K
  class space    used 3403K, committed 3584K, reserved 1048576K
}
Event: 12.805 GC heap before
{Heap before GC invocations=13 (full 0):
 garbage-first heap   total 116736K, used 87087K [0x0000000083600000, 0x0000000100000000)
  region size 1024K, 56 young (57344K), 7 survivors (7168K)
 Metaspace       used 31002K, committed 31296K, reserved 1081344K
  class space    used 3451K, committed 3584K, reserved 1048576K
}
Event: 12.821 GC heap after
{Heap after GC invocations=14 (full 0):
 garbage-first heap   total 116736K, used 37239K [0x0000000083600000, 0x0000000100000000)
  region size 1024K, 4 young (4096K), 4 survivors (4096K)
 Metaspace       used 31002K, committed 31296K, reserved 1081344K
  class space    used 3451K, committed 3584K, reserved 1048576K
}
Event: 13.124 GC heap before
{Heap before GC invocations=14 (full 0):
 garbage-first heap   total 116736K, used 88439K [0x0000000083600000, 0x0000000100000000)
  region size 1024K, 54 young (55296K), 4 survivors (4096K)
 Metaspace       used 31082K, committed 31424K, reserved 1081344K
  class space    used 3451K, committed 3584K, reserved 1048576K
}
Event: 13.131 GC heap after
{Heap after GC invocations=15 (full 0):
 garbage-first heap   total 116736K, used 37488K [0x0000000083600000, 0x0000000100000000)
  region size 1024K, 4 young (4096K), 4 survivors (4096K)
 Metaspace       used 31082K, committed 31424K, reserved 1081344K
  class space    used 3451K, committed 3584K, reserved 1048576K
}
Event: 13.331 GC heap before
{Heap before GC invocations=15 (full 0):
 garbage-first heap   total 116736K, used 91760K [0x0000000083600000, 0x0000000100000000)
  region size 1024K, 57 young (58368K), 4 survivors (4096K)
 Metaspace       used 31096K, committed 31424K, reserved 1081344K
  class space    used 3451K, committed 3584K, reserved 1048576K
}

